<?xml version="1.0" encoding="UTF-8"?>
<testng-results ignored="0" total="1" passed="1" failed="0" skipped="0">
  <reporter-output>
  </reporter-output>
  <suite started-at="2022-01-07T10:21:19 IST" name="Default suite" finished-at="2022-01-07T10:21:36 IST" duration-ms="17439">
    <groups>
    </groups>
    <test started-at="2022-01-07T10:21:19 IST" name="Default test" finished-at="2022-01-07T10:21:36 IST" duration-ms="17439">
      <class name="testng.Screenshot">
        <test-method is-config="true" signature="beforeMethod()[pri:0, instance:testng.Screenshot@649bec2e]" started-at="2022-01-07T10:21:19 IST" name="beforeMethod" finished-at="2022-01-07T10:21:25 IST" duration-ms="6804" status="PASS">
          <reporter-output>
          </reporter-output>
        </test-method> <!-- beforeMethod -->
        <test-method signature="login()[pri:0, instance:testng.Screenshot@649bec2e]" started-at="2022-01-07T10:21:25 IST" name="login" finished-at="2022-01-07T10:21:36 IST" duration-ms="10389" status="PASS">
          <reporter-output>
          </reporter-output>
        </test-method> <!-- login -->
        <test-method is-config="true" signature="afterMethod()[pri:0, instance:testng.Screenshot@649bec2e]" started-at="2022-01-07T10:21:36 IST" name="afterMethod" finished-at="2022-01-07T10:21:36 IST" duration-ms="215" status="PASS">
          <reporter-output>
          </reporter-output>
        </test-method> <!-- afterMethod -->
      </class> <!-- testng.Screenshot -->
    </test> <!-- Default test -->
  </suite> <!-- Default suite -->
</testng-results>
